#! /usr/share/iverilog-0.9.7/bin/vvp
:ivl_version "0.9.7 " "(v0_9_6)";
:vpi_time_precision + 0;
:vpi_module "system";
:vpi_module "v2005_math";
:vpi_module "va_math";
S_0x1ba6e20 .scope module, "test" "test" 2 3;
 .timescale 0 0;
v0x1bc1760_0 .var "clk", 0 0;
v0x1bc1800_0 .net "hr_l", 6 0, v0x1bc15a0_0; 1 drivers
v0x1bc18b0_0 .net "hr_m", 6 0, v0x1bc1640_0; 1 drivers
v0x1bc1960_0 .net "min_l", 6 0, v0x1bc12f0_0; 1 drivers
v0x1bc1a40_0 .net "min_m", 6 0, v0x1bc13f0_0; 1 drivers
v0x1bc1af0_0 .var "rst", 0 0;
v0x1bc1b70_0 .net "sec_l", 6 0, v0x1bc1160_0; 1 drivers
v0x1bc1c20_0 .net "sec_m", 6 0, v0x1bc1250_0; 1 drivers
S_0x1ba6f10 .scope module, "dut" "RTDC" 2 6, 3 2, S_0x1ba6e20;
 .timescale 0 0;
v0x1b99080_0 .net "clk", 0 0, v0x1bc1760_0; 1 drivers
v0x1bc0d50_0 .var "count1", 3 0;
v0x1bc0df0_0 .var "count2", 3 0;
v0x1bc0e90_0 .var "count3", 3 0;
v0x1bc0f40_0 .var "count4", 3 0;
v0x1bc0fe0_0 .var "count5", 3 0;
v0x1bc10c0_0 .var "count6", 3 0;
v0x1bc1160_0 .var "hr_l", 6 0;
v0x1bc1250_0 .var "hr_m", 6 0;
v0x1bc12f0_0 .var "min_l", 6 0;
v0x1bc13f0_0 .var "min_m", 6 0;
v0x1bc1490_0 .net "rst", 0 0, v0x1bc1af0_0; 1 drivers
v0x1bc15a0_0 .var "sec_l", 6 0;
v0x1bc1640_0 .var "sec_m", 6 0;
E_0x1b8fa30/0 .event edge, v0x1bc10c0_0, v0x1bc0fe0_0, v0x1bc0f40_0, v0x1bc0e90_0;
E_0x1b8fa30/1 .event edge, v0x1bc0df0_0, v0x1bc0d50_0;
E_0x1b8fa30 .event/or E_0x1b8fa30/0, E_0x1b8fa30/1;
E_0x1ba76c0 .event negedge, v0x1b99080_0;
    .scope S_0x1ba6f10;
T_0 ;
    %wait E_0x1ba76c0;
    %load/v 8, v0x1bc1490_0, 1;
    %mov 9, 0, 2;
    %cmpi/u 8, 1, 3;
    %jmp/0xz  T_0.0, 4;
    %ix/load 0, 4, 0;
    %assign/v0 v0x1bc0d50_0, 0, 0;
    %ix/load 0, 4, 0;
    %assign/v0 v0x1bc0df0_0, 0, 0;
    %ix/load 0, 4, 0;
    %assign/v0 v0x1bc0e90_0, 0, 0;
    %ix/load 0, 4, 0;
    %assign/v0 v0x1bc0f40_0, 0, 0;
    %ix/load 0, 4, 0;
    %assign/v0 v0x1bc0fe0_0, 0, 0;
    %ix/load 0, 4, 0;
    %assign/v0 v0x1bc10c0_0, 0, 0;
    %jmp T_0.1;
T_0.0 ;
    %load/v 8, v0x1bc0df0_0, 4;
    %mov 12, 0, 28;
    %addi 8, 1, 32;
    %ix/load 0, 4, 0;
    %assign/v0 v0x1bc0df0_0, 0, 8;
    %load/v 8, v0x1bc0df0_0, 4;
    %mov 12, 0, 2;
    %cmpi/u 8, 9, 6;
    %jmp/0xz  T_0.2, 4;
    %ix/load 0, 4, 0;
    %assign/v0 v0x1bc0df0_0, 0, 0;
    %load/v 8, v0x1bc0d50_0, 4;
    %mov 12, 0, 28;
    %addi 8, 1, 32;
    %ix/load 0, 4, 0;
    %assign/v0 v0x1bc0d50_0, 0, 8;
    %load/v 8, v0x1bc0df0_0, 4;
    %load/v 12, v0x1bc0d50_0, 4;
    %cmpi/u 8, 59, 8;
    %jmp/0xz  T_0.4, 4;
    %ix/load 0, 4, 0;
    %assign/v0 v0x1bc0df0_0, 0, 0;
    %ix/load 0, 4, 0;
    %assign/v0 v0x1bc0d50_0, 0, 0;
    %load/v 8, v0x1bc0f40_0, 4;
    %mov 12, 0, 28;
    %addi 8, 1, 32;
    %ix/load 0, 4, 0;
    %assign/v0 v0x1bc0f40_0, 0, 8;
    %load/v 8, v0x1bc0f40_0, 4;
    %mov 12, 0, 2;
    %cmpi/u 8, 9, 6;
    %jmp/0xz  T_0.6, 4;
    %ix/load 0, 4, 0;
    %assign/v0 v0x1bc0f40_0, 0, 0;
    %load/v 8, v0x1bc0e90_0, 4;
    %mov 12, 0, 28;
    %addi 8, 1, 32;
    %ix/load 0, 4, 0;
    %assign/v0 v0x1bc0e90_0, 0, 8;
    %load/v 8, v0x1bc0f40_0, 4;
    %load/v 12, v0x1bc0e90_0, 4;
    %cmpi/u 8, 59, 8;
    %jmp/0xz  T_0.8, 4;
    %ix/load 0, 4, 0;
    %assign/v0 v0x1bc0f40_0, 0, 0;
    %ix/load 0, 4, 0;
    %assign/v0 v0x1bc0e90_0, 0, 0;
    %load/v 8, v0x1bc10c0_0, 4;
    %mov 12, 0, 28;
    %addi 8, 1, 32;
    %ix/load 0, 4, 0;
    %assign/v0 v0x1bc10c0_0, 0, 8;
    %load/v 8, v0x1bc10c0_0, 4;
    %mov 12, 0, 2;
    %cmpi/u 8, 9, 6;
    %jmp/0xz  T_0.10, 4;
    %ix/load 0, 4, 0;
    %assign/v0 v0x1bc10c0_0, 0, 0;
    %load/v 8, v0x1bc0fe0_0, 4;
    %mov 12, 0, 28;
    %addi 8, 1, 32;
    %set/v v0x1bc0fe0_0, 8, 4;
    %load/v 8, v0x1bc10c0_0, 4;
    %load/v 12, v0x1bc0fe0_0, 4;
    %cmpi/u 8, 23, 8;
    %jmp/0xz  T_0.12, 4;
    %ix/load 0, 4, 0;
    %assign/v0 v0x1bc10c0_0, 0, 0;
    %ix/load 0, 4, 0;
    %assign/v0 v0x1bc0fe0_0, 0, 0;
T_0.12 ;
T_0.10 ;
T_0.8 ;
T_0.6 ;
T_0.4 ;
T_0.2 ;
T_0.1 ;
    %jmp T_0;
    .thread T_0;
    .scope S_0x1ba6f10;
T_1 ;
    %wait E_0x1b8fa30;
    %load/v 8, v0x1bc0d50_0, 4;
    %cmpi/u 8, 0, 4;
    %jmp/1 T_1.0, 6;
    %cmpi/u 8, 1, 4;
    %jmp/1 T_1.1, 6;
    %cmpi/u 8, 2, 4;
    %jmp/1 T_1.2, 6;
    %cmpi/u 8, 3, 4;
    %jmp/1 T_1.3, 6;
    %cmpi/u 8, 4, 4;
    %jmp/1 T_1.4, 6;
    %cmpi/u 8, 5, 4;
    %jmp/1 T_1.5, 6;
    %cmpi/u 8, 6, 4;
    %jmp/1 T_1.6, 6;
    %cmpi/u 8, 7, 4;
    %jmp/1 T_1.7, 6;
    %cmpi/u 8, 8, 4;
    %jmp/1 T_1.8, 6;
    %cmpi/u 8, 9, 4;
    %jmp/1 T_1.9, 6;
    %set/v v0x1bc1640_0, 1, 7;
    %jmp T_1.11;
T_1.0 ;
    %movi 8, 1, 7;
    %set/v v0x1bc1640_0, 8, 7;
    %jmp T_1.11;
T_1.1 ;
    %movi 8, 79, 7;
    %set/v v0x1bc1640_0, 8, 7;
    %jmp T_1.11;
T_1.2 ;
    %movi 8, 18, 7;
    %set/v v0x1bc1640_0, 8, 7;
    %jmp T_1.11;
T_1.3 ;
    %movi 8, 6, 7;
    %set/v v0x1bc1640_0, 8, 7;
    %jmp T_1.11;
T_1.4 ;
    %movi 8, 76, 7;
    %set/v v0x1bc1640_0, 8, 7;
    %jmp T_1.11;
T_1.5 ;
    %movi 8, 36, 7;
    %set/v v0x1bc1640_0, 8, 7;
    %jmp T_1.11;
T_1.6 ;
    %movi 8, 32, 7;
    %set/v v0x1bc1640_0, 8, 7;
    %jmp T_1.11;
T_1.7 ;
    %movi 8, 15, 7;
    %set/v v0x1bc1640_0, 8, 7;
    %jmp T_1.11;
T_1.8 ;
    %set/v v0x1bc1640_0, 0, 7;
    %jmp T_1.11;
T_1.9 ;
    %movi 8, 4, 7;
    %set/v v0x1bc1640_0, 8, 7;
    %jmp T_1.11;
T_1.11 ;
    %load/v 8, v0x1bc0df0_0, 4;
    %cmpi/u 8, 0, 4;
    %jmp/1 T_1.12, 6;
    %cmpi/u 8, 1, 4;
    %jmp/1 T_1.13, 6;
    %cmpi/u 8, 2, 4;
    %jmp/1 T_1.14, 6;
    %cmpi/u 8, 3, 4;
    %jmp/1 T_1.15, 6;
    %cmpi/u 8, 4, 4;
    %jmp/1 T_1.16, 6;
    %cmpi/u 8, 5, 4;
    %jmp/1 T_1.17, 6;
    %cmpi/u 8, 6, 4;
    %jmp/1 T_1.18, 6;
    %cmpi/u 8, 7, 4;
    %jmp/1 T_1.19, 6;
    %cmpi/u 8, 8, 4;
    %jmp/1 T_1.20, 6;
    %cmpi/u 8, 9, 4;
    %jmp/1 T_1.21, 6;
    %set/v v0x1bc15a0_0, 1, 7;
    %jmp T_1.23;
T_1.12 ;
    %movi 8, 1, 7;
    %set/v v0x1bc15a0_0, 8, 7;
    %jmp T_1.23;
T_1.13 ;
    %movi 8, 79, 7;
    %set/v v0x1bc15a0_0, 8, 7;
    %jmp T_1.23;
T_1.14 ;
    %movi 8, 18, 7;
    %set/v v0x1bc15a0_0, 8, 7;
    %jmp T_1.23;
T_1.15 ;
    %movi 8, 6, 7;
    %set/v v0x1bc15a0_0, 8, 7;
    %jmp T_1.23;
T_1.16 ;
    %movi 8, 76, 7;
    %set/v v0x1bc15a0_0, 8, 7;
    %jmp T_1.23;
T_1.17 ;
    %movi 8, 36, 7;
    %set/v v0x1bc15a0_0, 8, 7;
    %jmp T_1.23;
T_1.18 ;
    %movi 8, 32, 7;
    %set/v v0x1bc15a0_0, 8, 7;
    %jmp T_1.23;
T_1.19 ;
    %movi 8, 15, 7;
    %set/v v0x1bc15a0_0, 8, 7;
    %jmp T_1.23;
T_1.20 ;
    %set/v v0x1bc15a0_0, 0, 7;
    %jmp T_1.23;
T_1.21 ;
    %movi 8, 4, 7;
    %set/v v0x1bc15a0_0, 8, 7;
    %jmp T_1.23;
T_1.23 ;
    %load/v 8, v0x1bc0e90_0, 4;
    %cmpi/u 8, 0, 4;
    %jmp/1 T_1.24, 6;
    %cmpi/u 8, 1, 4;
    %jmp/1 T_1.25, 6;
    %cmpi/u 8, 2, 4;
    %jmp/1 T_1.26, 6;
    %cmpi/u 8, 3, 4;
    %jmp/1 T_1.27, 6;
    %cmpi/u 8, 4, 4;
    %jmp/1 T_1.28, 6;
    %cmpi/u 8, 5, 4;
    %jmp/1 T_1.29, 6;
    %cmpi/u 8, 6, 4;
    %jmp/1 T_1.30, 6;
    %cmpi/u 8, 7, 4;
    %jmp/1 T_1.31, 6;
    %cmpi/u 8, 8, 4;
    %jmp/1 T_1.32, 6;
    %cmpi/u 8, 9, 4;
    %jmp/1 T_1.33, 6;
    %set/v v0x1bc13f0_0, 1, 7;
    %jmp T_1.35;
T_1.24 ;
    %movi 8, 1, 7;
    %set/v v0x1bc13f0_0, 8, 7;
    %jmp T_1.35;
T_1.25 ;
    %movi 8, 79, 7;
    %set/v v0x1bc13f0_0, 8, 7;
    %jmp T_1.35;
T_1.26 ;
    %movi 8, 18, 7;
    %set/v v0x1bc13f0_0, 8, 7;
    %jmp T_1.35;
T_1.27 ;
    %movi 8, 6, 7;
    %set/v v0x1bc13f0_0, 8, 7;
    %jmp T_1.35;
T_1.28 ;
    %movi 8, 76, 7;
    %set/v v0x1bc13f0_0, 8, 7;
    %jmp T_1.35;
T_1.29 ;
    %movi 8, 36, 7;
    %set/v v0x1bc13f0_0, 8, 7;
    %jmp T_1.35;
T_1.30 ;
    %movi 8, 32, 7;
    %set/v v0x1bc13f0_0, 8, 7;
    %jmp T_1.35;
T_1.31 ;
    %movi 8, 15, 7;
    %set/v v0x1bc13f0_0, 8, 7;
    %jmp T_1.35;
T_1.32 ;
    %set/v v0x1bc13f0_0, 0, 7;
    %jmp T_1.35;
T_1.33 ;
    %movi 8, 4, 7;
    %set/v v0x1bc13f0_0, 8, 7;
    %jmp T_1.35;
T_1.35 ;
    %load/v 8, v0x1bc0f40_0, 4;
    %cmpi/u 8, 0, 4;
    %jmp/1 T_1.36, 6;
    %cmpi/u 8, 1, 4;
    %jmp/1 T_1.37, 6;
    %cmpi/u 8, 2, 4;
    %jmp/1 T_1.38, 6;
    %cmpi/u 8, 3, 4;
    %jmp/1 T_1.39, 6;
    %cmpi/u 8, 4, 4;
    %jmp/1 T_1.40, 6;
    %cmpi/u 8, 5, 4;
    %jmp/1 T_1.41, 6;
    %cmpi/u 8, 6, 4;
    %jmp/1 T_1.42, 6;
    %cmpi/u 8, 7, 4;
    %jmp/1 T_1.43, 6;
    %cmpi/u 8, 8, 4;
    %jmp/1 T_1.44, 6;
    %cmpi/u 8, 9, 4;
    %jmp/1 T_1.45, 6;
    %set/v v0x1bc13f0_0, 1, 7;
    %jmp T_1.47;
T_1.36 ;
    %movi 8, 1, 7;
    %set/v v0x1bc12f0_0, 8, 7;
    %jmp T_1.47;
T_1.37 ;
    %movi 8, 79, 7;
    %set/v v0x1bc12f0_0, 8, 7;
    %jmp T_1.47;
T_1.38 ;
    %movi 8, 18, 7;
    %set/v v0x1bc12f0_0, 8, 7;
    %jmp T_1.47;
T_1.39 ;
    %movi 8, 6, 7;
    %set/v v0x1bc12f0_0, 8, 7;
    %jmp T_1.47;
T_1.40 ;
    %movi 8, 76, 7;
    %set/v v0x1bc12f0_0, 8, 7;
    %jmp T_1.47;
T_1.41 ;
    %movi 8, 36, 7;
    %set/v v0x1bc12f0_0, 8, 7;
    %jmp T_1.47;
T_1.42 ;
    %movi 8, 32, 7;
    %set/v v0x1bc12f0_0, 8, 7;
    %jmp T_1.47;
T_1.43 ;
    %movi 8, 15, 7;
    %set/v v0x1bc12f0_0, 8, 7;
    %jmp T_1.47;
T_1.44 ;
    %set/v v0x1bc12f0_0, 0, 7;
    %jmp T_1.47;
T_1.45 ;
    %movi 8, 4, 7;
    %set/v v0x1bc12f0_0, 8, 7;
    %jmp T_1.47;
T_1.47 ;
    %load/v 8, v0x1bc0fe0_0, 4;
    %cmpi/u 8, 0, 4;
    %jmp/1 T_1.48, 6;
    %cmpi/u 8, 1, 4;
    %jmp/1 T_1.49, 6;
    %cmpi/u 8, 2, 4;
    %jmp/1 T_1.50, 6;
    %cmpi/u 8, 3, 4;
    %jmp/1 T_1.51, 6;
    %cmpi/u 8, 4, 4;
    %jmp/1 T_1.52, 6;
    %cmpi/u 8, 5, 4;
    %jmp/1 T_1.53, 6;
    %cmpi/u 8, 6, 4;
    %jmp/1 T_1.54, 6;
    %cmpi/u 8, 7, 4;
    %jmp/1 T_1.55, 6;
    %cmpi/u 8, 8, 4;
    %jmp/1 T_1.56, 6;
    %cmpi/u 8, 9, 4;
    %jmp/1 T_1.57, 6;
    %set/v v0x1bc1250_0, 1, 7;
    %jmp T_1.59;
T_1.48 ;
    %movi 8, 1, 7;
    %set/v v0x1bc1250_0, 8, 7;
    %jmp T_1.59;
T_1.49 ;
    %movi 8, 79, 7;
    %set/v v0x1bc1250_0, 8, 7;
    %jmp T_1.59;
T_1.50 ;
    %movi 8, 18, 7;
    %set/v v0x1bc1250_0, 8, 7;
    %jmp T_1.59;
T_1.51 ;
    %movi 8, 6, 7;
    %set/v v0x1bc1250_0, 8, 7;
    %jmp T_1.59;
T_1.52 ;
    %movi 8, 76, 7;
    %set/v v0x1bc1250_0, 8, 7;
    %jmp T_1.59;
T_1.53 ;
    %movi 8, 36, 7;
    %set/v v0x1bc1250_0, 8, 7;
    %jmp T_1.59;
T_1.54 ;
    %movi 8, 32, 7;
    %set/v v0x1bc1250_0, 8, 7;
    %jmp T_1.59;
T_1.55 ;
    %movi 8, 15, 7;
    %set/v v0x1bc1250_0, 8, 7;
    %jmp T_1.59;
T_1.56 ;
    %set/v v0x1bc1250_0, 0, 7;
    %jmp T_1.59;
T_1.57 ;
    %movi 8, 4, 7;
    %set/v v0x1bc1250_0, 8, 7;
    %jmp T_1.59;
T_1.59 ;
    %load/v 8, v0x1bc10c0_0, 4;
    %cmpi/u 8, 0, 4;
    %jmp/1 T_1.60, 6;
    %cmpi/u 8, 1, 4;
    %jmp/1 T_1.61, 6;
    %cmpi/u 8, 2, 4;
    %jmp/1 T_1.62, 6;
    %cmpi/u 8, 3, 4;
    %jmp/1 T_1.63, 6;
    %cmpi/u 8, 4, 4;
    %jmp/1 T_1.64, 6;
    %cmpi/u 8, 5, 4;
    %jmp/1 T_1.65, 6;
    %cmpi/u 8, 6, 4;
    %jmp/1 T_1.66, 6;
    %cmpi/u 8, 7, 4;
    %jmp/1 T_1.67, 6;
    %cmpi/u 8, 8, 4;
    %jmp/1 T_1.68, 6;
    %cmpi/u 8, 9, 4;
    %jmp/1 T_1.69, 6;
    %set/v v0x1bc1160_0, 1, 7;
    %jmp T_1.71;
T_1.60 ;
    %movi 8, 1, 7;
    %set/v v0x1bc1160_0, 8, 7;
    %jmp T_1.71;
T_1.61 ;
    %movi 8, 79, 7;
    %set/v v0x1bc1160_0, 8, 7;
    %jmp T_1.71;
T_1.62 ;
    %movi 8, 18, 7;
    %set/v v0x1bc1160_0, 8, 7;
    %jmp T_1.71;
T_1.63 ;
    %movi 8, 6, 7;
    %set/v v0x1bc1160_0, 8, 7;
    %jmp T_1.71;
T_1.64 ;
    %movi 8, 76, 7;
    %set/v v0x1bc1160_0, 8, 7;
    %jmp T_1.71;
T_1.65 ;
    %movi 8, 36, 7;
    %set/v v0x1bc1160_0, 8, 7;
    %jmp T_1.71;
T_1.66 ;
    %movi 8, 32, 7;
    %set/v v0x1bc1160_0, 8, 7;
    %jmp T_1.71;
T_1.67 ;
    %movi 8, 15, 7;
    %set/v v0x1bc1160_0, 8, 7;
    %jmp T_1.71;
T_1.68 ;
    %set/v v0x1bc1160_0, 0, 7;
    %jmp T_1.71;
T_1.69 ;
    %movi 8, 4, 7;
    %set/v v0x1bc1160_0, 8, 7;
    %jmp T_1.71;
T_1.71 ;
    %jmp T_1;
    .thread T_1, $push;
    .scope S_0x1ba6e20;
T_2 ;
    %set/v v0x1bc1760_0, 0, 1;
    %set/v v0x1bc1af0_0, 1, 1;
    %delay 10, 0;
    %set/v v0x1bc1af0_0, 0, 1;
    %delay 500, 0;
    %vpi_call 2 11 "$finish";
    %end;
    .thread T_2;
    .scope S_0x1ba6e20;
T_3 ;
    %delay 10, 0;
    %load/v 8, v0x1bc1760_0, 1;
    %inv 8, 1;
    %set/v v0x1bc1760_0, 8, 1;
    %jmp T_3;
    .thread T_3;
    .scope S_0x1ba6e20;
T_4 ;
    %vpi_call 2 15 "$dumpfile", "rtdc.vcd";
    %vpi_call 2 16 "$dumpvars";
    %end;
    .thread T_4;
# The file index is used to find the file name in the following table.
:file_names 4;
    "N/A";
    "<interactive>";
    "testbench.sv";
    "design.sv";
